2021-01-21 22:27:06.696  INFO 16332 --- [restartedMain] com.lin.blog.BlogApplication             : Starting BlogApplication using Java 1.8.0_191 on 林唯心 with PID 16332 (C:\Users\ASUS\IdeaProjects\blog\target\classes started by ASUS in C:\Users\ASUS\IdeaProjects\blog)
2021-01-21 22:27:06.702 DEBUG 16332 --- [restartedMain] com.lin.blog.BlogApplication             : Running with Spring Boot v2.4.1, Spring v5.3.2
2021-01-21 22:27:06.703  INFO 16332 --- [restartedMain] com.lin.blog.BlogApplication             : No active profile set, falling back to default profiles: default
2021-01-21 22:27:09.962  INFO 16332 --- [restartedMain] com.lin.blog.BlogApplication             : Started BlogApplication in 3.759 seconds (JVM running for 4.737)
2021-01-21 22:27:24.609  INFO 16332 --- [http-nio-8080-exec-1] com.lin.blog.aspect.LogAspect            : request:LogAspect.RequestInfo(url=http://localhost:8080/, ip=0:0:0:0:0:0:0:1, classMethod=com.lin.blog.controller.IndexController.index, args=[{}, 1])
2021-01-21 22:27:25.780 DEBUG 16332 --- [http-nio-8080-exec-1] c.lin.blog.dao.BlogDao.getFirstPageBlog  : ==>  Preparing: SELECT COUNT(1) FROM t_blog b, t_type t, t_user u WHERE b.type_id = t.id AND u.id = b.user_id
2021-01-21 22:27:25.799 DEBUG 16332 --- [http-nio-8080-exec-1] c.lin.blog.dao.BlogDao.getFirstPageBlog  : ==> Parameters: 
2021-01-21 22:27:25.875 DEBUG 16332 --- [http-nio-8080-exec-1] c.lin.blog.dao.BlogDao.getFirstPageBlog  : ==>  Preparing: select b.id,b.title,b.first_picture, b.views, b.comment_count,b.update_time,b.description, t.name , u.nickname, u.avatar from t_blog b, t_type t,t_user u where b.type_id = t.id and u.id = b.user_id order by b.update_time desc LIMIT ?
2021-01-21 22:27:25.876 DEBUG 16332 --- [http-nio-8080-exec-1] c.lin.blog.dao.BlogDao.getFirstPageBlog  : ==> Parameters: 6(Long)
2021-01-21 22:27:25.923 DEBUG 16332 --- [http-nio-8080-exec-1] c.lin.blog.dao.BlogDao.getFirstPageBlog  : <==      Total: 3
2021-01-21 22:27:25.925  INFO 16332 --- [http-nio-8080-exec-1] com.lin.blog.aspect.LogAspect            : result:index
2021-01-21 22:27:25.925  INFO 16332 --- [http-nio-8080-exec-1] com.lin.blog.aspect.LogAspect            : 
2021-01-21 22:27:29.240  INFO 16332 --- [http-nio-8080-exec-8] com.lin.blog.aspect.LogAspect            : request:LogAspect.RequestInfo(url=http://localhost:8080/blog/68, ip=0:0:0:0:0:0:0:1, classMethod=com.lin.blog.controller.IndexController.blog, args=[68, {}])
2021-01-21 22:27:29.279 DEBUG 16332 --- [http-nio-8080-exec-8] com.lin.blog.dao.BlogDao.getBlogInfo     : ==>  Preparing: select b.id bid,b.first_picture,b.flag,b.title,b.content,b.views,b.comment_count,b.create_time,b.commentabled,b.share_statement,b.appreciation, u.nickname,u.avatar,t.name from t_blog b,t_user u, t_type t where b.user_id = u.id and b.type_id = t.id and b.id = ?
2021-01-21 22:27:29.279 DEBUG 16332 --- [http-nio-8080-exec-8] com.lin.blog.dao.BlogDao.getBlogInfo     : ==> Parameters: 68(Long)
2021-01-21 22:27:29.323 DEBUG 16332 --- [http-nio-8080-exec-8] com.lin.blog.dao.BlogDao.getBlogInfo     : <==      Total: 1
2021-01-21 22:27:29.375  INFO 16332 --- [http-nio-8080-exec-8] com.lin.blog.aspect.LogAspect            : result:blog
2021-01-21 22:27:29.375  INFO 16332 --- [http-nio-8080-exec-8] com.lin.blog.aspect.LogAspect            : 
2021-01-21 22:32:02.209  INFO 3348 --- [restartedMain] com.lin.blog.BlogApplication             : Starting BlogApplication using Java 1.8.0_191 on 林唯心 with PID 3348 (C:\Users\ASUS\IdeaProjects\blog\target\classes started by ASUS in C:\Users\ASUS\IdeaProjects\blog)
2021-01-21 22:32:02.211 DEBUG 3348 --- [restartedMain] com.lin.blog.BlogApplication             : Running with Spring Boot v2.4.1, Spring v5.3.2
2021-01-21 22:32:02.212  INFO 3348 --- [restartedMain] com.lin.blog.BlogApplication             : No active profile set, falling back to default profiles: default
2021-01-21 22:32:05.091  INFO 3348 --- [restartedMain] com.lin.blog.BlogApplication             : Started BlogApplication in 3.273 seconds (JVM running for 4.078)
2021-01-21 22:32:11.930  INFO 3348 --- [http-nio-8080-exec-1] com.lin.blog.aspect.LogAspect            : request:LogAspect.RequestInfo(url=http://localhost:8080/, ip=0:0:0:0:0:0:0:1, classMethod=com.lin.blog.controller.IndexController.index, args=[{}, 1])
2021-01-21 22:32:12.884 DEBUG 3348 --- [http-nio-8080-exec-1] c.lin.blog.dao.BlogDao.getFirstPageBlog  : ==>  Preparing: SELECT COUNT(1) FROM t_blog b, t_type t, t_user u WHERE b.type_id = t.id AND u.id = b.user_id
2021-01-21 22:32:12.900 DEBUG 3348 --- [http-nio-8080-exec-1] c.lin.blog.dao.BlogDao.getFirstPageBlog  : ==> Parameters: 
2021-01-21 22:32:12.951 DEBUG 3348 --- [http-nio-8080-exec-1] c.lin.blog.dao.BlogDao.getFirstPageBlog  : ==>  Preparing: select b.id,b.title,b.first_picture, b.views, b.comment_count,b.update_time,b.description, t.name , u.nickname, u.avatar from t_blog b, t_type t,t_user u where b.type_id = t.id and u.id = b.user_id order by b.update_time desc LIMIT ?
2021-01-21 22:32:12.952 DEBUG 3348 --- [http-nio-8080-exec-1] c.lin.blog.dao.BlogDao.getFirstPageBlog  : ==> Parameters: 6(Long)
2021-01-21 22:32:12.984 DEBUG 3348 --- [http-nio-8080-exec-1] c.lin.blog.dao.BlogDao.getFirstPageBlog  : <==      Total: 3
2021-01-21 22:32:12.986  INFO 3348 --- [http-nio-8080-exec-1] com.lin.blog.aspect.LogAspect            : result:index
2021-01-21 22:32:12.986  INFO 3348 --- [http-nio-8080-exec-1] com.lin.blog.aspect.LogAspect            : 
2021-01-21 22:32:19.489 DEBUG 3348 --- [http-nio-8080-exec-3] com.lin.blog.dao.UserDao.selectOne       : ==>  Preparing: SELECT id,avatar,email,nickname,password,type,username,create_time,update_time FROM t_user WHERE (username = ? AND password = ?)
2021-01-21 22:32:19.489 DEBUG 3348 --- [http-nio-8080-exec-3] com.lin.blog.dao.UserDao.selectOne       : ==> Parameters: root(String), 96e79218965eb72c92a549dd5a330112(String)
2021-01-21 22:32:19.519 DEBUG 3348 --- [http-nio-8080-exec-3] com.lin.blog.dao.UserDao.selectOne       : <==      Total: 1
2021-01-21 22:32:21.480 DEBUG 3348 --- [http-nio-8080-exec-5] c.l.blog.dao.BlogDao.getAdminQueryBlogs  : ==>  Preparing: SELECT COUNT(1) FROM t_blog b LEFT OUTER JOIN t_type t ON b.type_id = t.id
2021-01-21 22:32:21.480 DEBUG 3348 --- [http-nio-8080-exec-5] c.l.blog.dao.BlogDao.getAdminQueryBlogs  : ==> Parameters: 
2021-01-21 22:32:21.510 DEBUG 3348 --- [http-nio-8080-exec-5] c.l.blog.dao.BlogDao.getAdminQueryBlogs  : ==>  Preparing: select b.id,b.title,b.update_time,b.recommend,b.published,b.type_id,t.id,t.name from t_blog b left outer join t_type t on b.type_id = t.id order by b.update_time desc LIMIT ?
2021-01-21 22:32:21.511 DEBUG 3348 --- [http-nio-8080-exec-5] c.l.blog.dao.BlogDao.getAdminQueryBlogs  : ==> Parameters: 10(Long)
2021-01-21 22:32:21.537 DEBUG 3348 --- [http-nio-8080-exec-5] c.l.blog.dao.BlogDao.getAdminQueryBlogs  : <==      Total: 3
2021-01-21 22:32:23.812 DEBUG 3348 --- [http-nio-8080-exec-9] com.lin.blog.dao.BlogDao.selectById      : ==>  Preparing: SELECT id,appreciation,commentabled,content,description,first_picture,flag,published,recommend,share_statement,title,views,type_id,user_id,comment_count,create_time,update_time FROM t_blog WHERE id=?
2021-01-21 22:32:23.813 DEBUG 3348 --- [http-nio-8080-exec-9] com.lin.blog.dao.BlogDao.selectById      : ==> Parameters: 68(Long)
2021-01-21 22:32:23.848 DEBUG 3348 --- [http-nio-8080-exec-9] com.lin.blog.dao.BlogDao.selectById      : <==      Total: 1
2021-01-21 22:32:23.855 DEBUG 3348 --- [http-nio-8080-exec-9] com.lin.blog.dao.TypeDao.selectList      : ==>  Preparing: SELECT id,name FROM t_type
2021-01-21 22:32:23.855 DEBUG 3348 --- [http-nio-8080-exec-9] com.lin.blog.dao.TypeDao.selectList      : ==> Parameters: 
2021-01-21 22:32:23.880 DEBUG 3348 --- [http-nio-8080-exec-9] com.lin.blog.dao.TypeDao.selectList      : <==      Total: 11
2021-01-21 22:33:15.723 DEBUG 3348 --- [http-nio-8080-exec-9] com.lin.blog.dao.TypeDao.selectList      : ==>  Preparing: SELECT id,name FROM t_type
2021-01-21 22:33:15.723 DEBUG 3348 --- [http-nio-8080-exec-9] com.lin.blog.dao.TypeDao.selectList      : ==> Parameters: 
2021-01-21 22:33:15.748 DEBUG 3348 --- [http-nio-8080-exec-9] com.lin.blog.dao.TypeDao.selectList      : <==      Total: 11
2021-01-21 22:33:21.217 DEBUG 3348 --- [http-nio-8080-exec-1] c.l.blog.dao.BlogDao.getAdminQueryBlogs  : ==>  Preparing: SELECT COUNT(1) FROM t_blog b LEFT OUTER JOIN t_type t ON b.type_id = t.id
2021-01-21 22:33:21.217 DEBUG 3348 --- [http-nio-8080-exec-1] c.l.blog.dao.BlogDao.getAdminQueryBlogs  : ==> Parameters: 
2021-01-21 22:33:21.245 DEBUG 3348 --- [http-nio-8080-exec-1] c.l.blog.dao.BlogDao.getAdminQueryBlogs  : ==>  Preparing: select b.id,b.title,b.update_time,b.recommend,b.published,b.type_id,t.id,t.name from t_blog b left outer join t_type t on b.type_id = t.id order by b.update_time desc LIMIT ?
2021-01-21 22:33:21.246 DEBUG 3348 --- [http-nio-8080-exec-1] c.l.blog.dao.BlogDao.getAdminQueryBlogs  : ==> Parameters: 10(Long)
2021-01-21 22:33:21.279 DEBUG 3348 --- [http-nio-8080-exec-1] c.l.blog.dao.BlogDao.getAdminQueryBlogs  : <==      Total: 3
2021-01-21 22:33:23.097 DEBUG 3348 --- [http-nio-8080-exec-3] com.lin.blog.dao.BlogDao.selectById      : ==>  Preparing: SELECT id,appreciation,commentabled,content,description,first_picture,flag,published,recommend,share_statement,title,views,type_id,user_id,comment_count,create_time,update_time FROM t_blog WHERE id=?
2021-01-21 22:33:23.097 DEBUG 3348 --- [http-nio-8080-exec-3] com.lin.blog.dao.BlogDao.selectById      : ==> Parameters: 68(Long)
2021-01-21 22:33:23.124 DEBUG 3348 --- [http-nio-8080-exec-3] com.lin.blog.dao.BlogDao.selectById      : <==      Total: 1
2021-01-21 22:33:23.125 DEBUG 3348 --- [http-nio-8080-exec-3] com.lin.blog.dao.TypeDao.selectList      : ==>  Preparing: SELECT id,name FROM t_type
2021-01-21 22:33:23.125 DEBUG 3348 --- [http-nio-8080-exec-3] com.lin.blog.dao.TypeDao.selectList      : ==> Parameters: 
2021-01-21 22:33:23.151 DEBUG 3348 --- [http-nio-8080-exec-3] com.lin.blog.dao.TypeDao.selectList      : <==      Total: 11
2021-01-21 22:34:18.448  INFO 3996 --- [restartedMain] com.lin.blog.BlogApplication             : Starting BlogApplication using Java 1.8.0_191 on 林唯心 with PID 3996 (C:\Users\ASUS\IdeaProjects\blog\target\classes started by ASUS in C:\Users\ASUS\IdeaProjects\blog)
2021-01-21 22:34:18.450 DEBUG 3996 --- [restartedMain] com.lin.blog.BlogApplication             : Running with Spring Boot v2.4.1, Spring v5.3.2
2021-01-21 22:34:18.451  INFO 3996 --- [restartedMain] com.lin.blog.BlogApplication             : No active profile set, falling back to default profiles: default
2021-01-21 22:34:21.135  INFO 3996 --- [restartedMain] com.lin.blog.BlogApplication             : Started BlogApplication in 3.02 seconds (JVM running for 3.84)
2021-01-21 22:34:30.824 DEBUG 3996 --- [http-nio-8080-exec-6] com.lin.blog.dao.UserDao.selectOne       : ==>  Preparing: SELECT id,avatar,email,nickname,password,type,username,create_time,update_time FROM t_user WHERE (username = ? AND password = ?)
2021-01-21 22:34:30.840 DEBUG 3996 --- [http-nio-8080-exec-6] com.lin.blog.dao.UserDao.selectOne       : ==> Parameters: root(String), 96e79218965eb72c92a549dd5a330112(String)
2021-01-21 22:34:30.876 DEBUG 3996 --- [http-nio-8080-exec-6] com.lin.blog.dao.UserDao.selectOne       : <==      Total: 1
2021-01-21 22:34:33.002 DEBUG 3996 --- [http-nio-8080-exec-1] com.lin.blog.dao.TypeDao.selectList      : ==>  Preparing: SELECT id,name FROM t_type
2021-01-21 22:34:33.002 DEBUG 3996 --- [http-nio-8080-exec-1] com.lin.blog.dao.TypeDao.selectList      : ==> Parameters: 
2021-01-21 22:34:33.025 DEBUG 3996 --- [http-nio-8080-exec-1] com.lin.blog.dao.TypeDao.selectList      : <==      Total: 11
2021-01-21 22:40:02.748  INFO 10708 --- [restartedMain] com.lin.blog.BlogApplication             : Starting BlogApplication using Java 1.8.0_191 on 林唯心 with PID 10708 (C:\Users\ASUS\IdeaProjects\blog\target\classes started by ASUS in C:\Users\ASUS\IdeaProjects\blog)
2021-01-21 22:40:02.751 DEBUG 10708 --- [restartedMain] com.lin.blog.BlogApplication             : Running with Spring Boot v2.4.1, Spring v5.3.2
2021-01-21 22:40:02.751  INFO 10708 --- [restartedMain] com.lin.blog.BlogApplication             : No active profile set, falling back to default profiles: default
2021-01-21 22:40:05.610  INFO 10708 --- [restartedMain] com.lin.blog.BlogApplication             : Started BlogApplication in 3.247 seconds (JVM running for 4.051)
2021-01-21 22:40:14.908 DEBUG 10708 --- [http-nio-8080-exec-5] com.lin.blog.dao.UserDao.selectOne       : ==>  Preparing: SELECT id,avatar,email,nickname,password,type,username,create_time,update_time FROM t_user WHERE (username = ? AND password = ?)
2021-01-21 22:40:14.925 DEBUG 10708 --- [http-nio-8080-exec-5] com.lin.blog.dao.UserDao.selectOne       : ==> Parameters: root(String), 96e79218965eb72c92a549dd5a330112(String)
2021-01-21 22:40:14.974 DEBUG 10708 --- [http-nio-8080-exec-5] com.lin.blog.dao.UserDao.selectOne       : <==      Total: 1
2021-01-21 22:40:16.295 DEBUG 10708 --- [http-nio-8080-exec-1] com.lin.blog.dao.TypeDao.selectList      : ==>  Preparing: SELECT id,name FROM t_type
2021-01-21 22:40:16.296 DEBUG 10708 --- [http-nio-8080-exec-1] com.lin.blog.dao.TypeDao.selectList      : ==> Parameters: 
2021-01-21 22:40:16.332 DEBUG 10708 --- [http-nio-8080-exec-1] com.lin.blog.dao.TypeDao.selectList      : <==      Total: 11
2021-01-21 22:41:05.849  INFO 2056 --- [restartedMain] com.lin.blog.BlogApplication             : Starting BlogApplication using Java 1.8.0_191 on 林唯心 with PID 2056 (C:\Users\ASUS\IdeaProjects\blog\target\classes started by ASUS in C:\Users\ASUS\IdeaProjects\blog)
2021-01-21 22:41:05.851 DEBUG 2056 --- [restartedMain] com.lin.blog.BlogApplication             : Running with Spring Boot v2.4.1, Spring v5.3.2
2021-01-21 22:41:05.852  INFO 2056 --- [restartedMain] com.lin.blog.BlogApplication             : No active profile set, falling back to default profiles: default
2021-01-21 22:41:08.747  INFO 2056 --- [restartedMain] com.lin.blog.BlogApplication             : Started BlogApplication in 3.328 seconds (JVM running for 4.325)
2021-01-21 22:41:13.673 DEBUG 2056 --- [http-nio-8080-exec-10] com.lin.blog.dao.UserDao.selectOne       : ==>  Preparing: SELECT id,avatar,email,nickname,password,type,username,create_time,update_time FROM t_user WHERE (username = ? AND password = ?)
2021-01-21 22:41:13.689 DEBUG 2056 --- [http-nio-8080-exec-10] com.lin.blog.dao.UserDao.selectOne       : ==> Parameters: root(String), 96e79218965eb72c92a549dd5a330112(String)
2021-01-21 22:41:13.747 DEBUG 2056 --- [http-nio-8080-exec-10] com.lin.blog.dao.UserDao.selectOne       : <==      Total: 1
2021-01-21 22:41:17.138 DEBUG 2056 --- [http-nio-8080-exec-1] com.lin.blog.dao.TypeDao.selectList      : ==>  Preparing: SELECT id,name FROM t_type
2021-01-21 22:41:17.138 DEBUG 2056 --- [http-nio-8080-exec-1] com.lin.blog.dao.TypeDao.selectList      : ==> Parameters: 
2021-01-21 22:41:17.187 DEBUG 2056 --- [http-nio-8080-exec-1] com.lin.blog.dao.TypeDao.selectList      : <==      Total: 11
2021-01-21 22:41:21.144 DEBUG 2056 --- [http-nio-8080-exec-9] c.l.blog.dao.BlogDao.getAdminQueryBlogs  : ==>  Preparing: SELECT COUNT(1) FROM t_blog b LEFT OUTER JOIN t_type t ON b.type_id = t.id
2021-01-21 22:41:21.144 DEBUG 2056 --- [http-nio-8080-exec-9] c.l.blog.dao.BlogDao.getAdminQueryBlogs  : ==> Parameters: 
2021-01-21 22:41:21.185 DEBUG 2056 --- [http-nio-8080-exec-9] c.l.blog.dao.BlogDao.getAdminQueryBlogs  : ==>  Preparing: select b.id,b.title,b.update_time,b.recommend,b.published,b.type_id,t.id,t.name from t_blog b left outer join t_type t on b.type_id = t.id order by b.update_time desc LIMIT ?
2021-01-21 22:41:21.185 DEBUG 2056 --- [http-nio-8080-exec-9] c.l.blog.dao.BlogDao.getAdminQueryBlogs  : ==> Parameters: 10(Long)
2021-01-21 22:41:21.223 DEBUG 2056 --- [http-nio-8080-exec-9] c.l.blog.dao.BlogDao.getAdminQueryBlogs  : <==      Total: 3
2021-01-21 22:41:22.993 DEBUG 2056 --- [http-nio-8080-exec-2] com.lin.blog.dao.BlogDao.selectById      : ==>  Preparing: SELECT id,appreciation,commentabled,content,description,first_picture,flag,published,recommend,share_statement,title,views,type_id,user_id,comment_count,create_time,update_time FROM t_blog WHERE id=?
2021-01-21 22:41:22.993 DEBUG 2056 --- [http-nio-8080-exec-2] com.lin.blog.dao.BlogDao.selectById      : ==> Parameters: 68(Long)
2021-01-21 22:41:23.035 DEBUG 2056 --- [http-nio-8080-exec-2] com.lin.blog.dao.BlogDao.selectById      : <==      Total: 1
2021-01-21 22:41:23.037 DEBUG 2056 --- [http-nio-8080-exec-2] com.lin.blog.dao.TypeDao.selectList      : ==>  Preparing: SELECT id,name FROM t_type
2021-01-21 22:41:23.037 DEBUG 2056 --- [http-nio-8080-exec-2] com.lin.blog.dao.TypeDao.selectList      : ==> Parameters: 
2021-01-21 22:41:23.074 DEBUG 2056 --- [http-nio-8080-exec-2] com.lin.blog.dao.TypeDao.selectList      : <==      Total: 11
2021-01-21 22:42:57.100  INFO 5028 --- [restartedMain] com.lin.blog.BlogApplication             : Starting BlogApplication using Java 1.8.0_191 on 林唯心 with PID 5028 (C:\Users\ASUS\IdeaProjects\blog\target\classes started by ASUS in C:\Users\ASUS\IdeaProjects\blog)
2021-01-21 22:42:57.103 DEBUG 5028 --- [restartedMain] com.lin.blog.BlogApplication             : Running with Spring Boot v2.4.1, Spring v5.3.2
2021-01-21 22:42:57.103  INFO 5028 --- [restartedMain] com.lin.blog.BlogApplication             : No active profile set, falling back to default profiles: default
2021-01-21 22:42:59.954  INFO 5028 --- [restartedMain] com.lin.blog.BlogApplication             : Started BlogApplication in 3.279 seconds (JVM running for 4.154)
2021-01-21 22:43:03.140 DEBUG 5028 --- [http-nio-8080-exec-5] com.lin.blog.dao.UserDao.selectOne       : ==>  Preparing: SELECT id,avatar,email,nickname,password,type,username,create_time,update_time FROM t_user WHERE (username = ? AND password = ?)
2021-01-21 22:43:03.156 DEBUG 5028 --- [http-nio-8080-exec-5] com.lin.blog.dao.UserDao.selectOne       : ==> Parameters: root(String), 96e79218965eb72c92a549dd5a330112(String)
2021-01-21 22:43:03.196 DEBUG 5028 --- [http-nio-8080-exec-5] com.lin.blog.dao.UserDao.selectOne       : <==      Total: 1
2021-01-21 22:43:06.547 DEBUG 5028 --- [http-nio-8080-exec-1] c.l.blog.dao.BlogDao.getAdminQueryBlogs  : ==>  Preparing: SELECT COUNT(1) FROM t_blog b LEFT OUTER JOIN t_type t ON b.type_id = t.id
2021-01-21 22:43:06.548 DEBUG 5028 --- [http-nio-8080-exec-1] c.l.blog.dao.BlogDao.getAdminQueryBlogs  : ==> Parameters: 
2021-01-21 22:43:06.579 DEBUG 5028 --- [http-nio-8080-exec-1] c.l.blog.dao.BlogDao.getAdminQueryBlogs  : ==>  Preparing: select b.id,b.title,b.update_time,b.recommend,b.published,b.type_id,t.id,t.name from t_blog b left outer join t_type t on b.type_id = t.id order by b.update_time desc LIMIT ?
2021-01-21 22:43:06.579 DEBUG 5028 --- [http-nio-8080-exec-1] c.l.blog.dao.BlogDao.getAdminQueryBlogs  : ==> Parameters: 10(Long)
2021-01-21 22:43:06.607 DEBUG 5028 --- [http-nio-8080-exec-1] c.l.blog.dao.BlogDao.getAdminQueryBlogs  : <==      Total: 3
2021-01-21 22:43:08.312 DEBUG 5028 --- [http-nio-8080-exec-7] com.lin.blog.dao.BlogDao.selectById      : ==>  Preparing: SELECT id,appreciation,commentabled,content,description,first_picture,flag,published,recommend,share_statement,title,views,type_id,user_id,comment_count,create_time,update_time FROM t_blog WHERE id=?
2021-01-21 22:43:08.313 DEBUG 5028 --- [http-nio-8080-exec-7] com.lin.blog.dao.BlogDao.selectById      : ==> Parameters: 68(Long)
2021-01-21 22:43:08.342 DEBUG 5028 --- [http-nio-8080-exec-7] com.lin.blog.dao.BlogDao.selectById      : <==      Total: 1
2021-01-21 22:43:08.348 DEBUG 5028 --- [http-nio-8080-exec-7] com.lin.blog.dao.TypeDao.selectList      : ==>  Preparing: SELECT id,name FROM t_type
2021-01-21 22:43:08.349 DEBUG 5028 --- [http-nio-8080-exec-7] com.lin.blog.dao.TypeDao.selectList      : ==> Parameters: 
2021-01-21 22:43:08.375 DEBUG 5028 --- [http-nio-8080-exec-7] com.lin.blog.dao.TypeDao.selectList      : <==      Total: 11
2021-01-21 22:49:04.264  INFO 15096 --- [restartedMain] com.lin.blog.BlogApplication             : Starting BlogApplication using Java 1.8.0_191 on 林唯心 with PID 15096 (C:\Users\ASUS\IdeaProjects\blog\target\classes started by ASUS in C:\Users\ASUS\IdeaProjects\blog)
2021-01-21 22:49:04.266 DEBUG 15096 --- [restartedMain] com.lin.blog.BlogApplication             : Running with Spring Boot v2.4.1, Spring v5.3.2
2021-01-21 22:49:04.266  INFO 15096 --- [restartedMain] com.lin.blog.BlogApplication             : No active profile set, falling back to default profiles: default
2021-01-21 22:49:07.083  INFO 15096 --- [restartedMain] com.lin.blog.BlogApplication             : Started BlogApplication in 3.192 seconds (JVM running for 4.024)
2021-01-21 22:49:08.937  INFO 15096 --- [http-nio-8080-exec-1] com.lin.blog.aspect.LogAspect            : request:LogAspect.RequestInfo(url=http://localhost:8080/, ip=0:0:0:0:0:0:0:1, classMethod=com.lin.blog.controller.IndexController.index, args=[{}, 1])
2021-01-21 22:49:09.777 DEBUG 15096 --- [http-nio-8080-exec-1] c.lin.blog.dao.BlogDao.getFirstPageBlog  : ==>  Preparing: SELECT COUNT(1) FROM t_blog b, t_type t, t_user u WHERE b.type_id = t.id AND u.id = b.user_id
2021-01-21 22:49:09.793 DEBUG 15096 --- [http-nio-8080-exec-1] c.lin.blog.dao.BlogDao.getFirstPageBlog  : ==> Parameters: 
2021-01-21 22:49:09.832 DEBUG 15096 --- [http-nio-8080-exec-1] c.lin.blog.dao.BlogDao.getFirstPageBlog  : ==>  Preparing: select b.id,b.title,b.first_picture, b.views, b.comment_count,b.update_time,b.description, t.name , u.nickname, u.avatar from t_blog b, t_type t,t_user u where b.type_id = t.id and u.id = b.user_id order by b.update_time desc LIMIT ?
2021-01-21 22:49:09.833 DEBUG 15096 --- [http-nio-8080-exec-1] c.lin.blog.dao.BlogDao.getFirstPageBlog  : ==> Parameters: 6(Long)
2021-01-21 22:49:09.864 DEBUG 15096 --- [http-nio-8080-exec-1] c.lin.blog.dao.BlogDao.getFirstPageBlog  : <==      Total: 3
2021-01-21 22:49:09.866  INFO 15096 --- [http-nio-8080-exec-1] com.lin.blog.aspect.LogAspect            : result:index
2021-01-21 22:49:09.866  INFO 15096 --- [http-nio-8080-exec-1] com.lin.blog.aspect.LogAspect            : 
2021-01-21 22:49:17.688  INFO 15096 --- [http-nio-8080-exec-3] com.lin.blog.aspect.LogAspect            : request:LogAspect.RequestInfo(url=http://localhost:8080/, ip=0:0:0:0:0:0:0:1, classMethod=com.lin.blog.controller.IndexController.index, args=[{}, 1])
2021-01-21 22:49:17.712 DEBUG 15096 --- [http-nio-8080-exec-3] c.lin.blog.dao.BlogDao.getFirstPageBlog  : ==>  Preparing: SELECT COUNT(1) FROM t_blog b, t_type t, t_user u WHERE b.type_id = t.id AND u.id = b.user_id
2021-01-21 22:49:17.713 DEBUG 15096 --- [http-nio-8080-exec-3] c.lin.blog.dao.BlogDao.getFirstPageBlog  : ==> Parameters: 
2021-01-21 22:49:17.735 DEBUG 15096 --- [http-nio-8080-exec-3] c.lin.blog.dao.BlogDao.getFirstPageBlog  : ==>  Preparing: select b.id,b.title,b.first_picture, b.views, b.comment_count,b.update_time,b.description, t.name , u.nickname, u.avatar from t_blog b, t_type t,t_user u where b.type_id = t.id and u.id = b.user_id order by b.update_time desc LIMIT ?
2021-01-21 22:49:17.736 DEBUG 15096 --- [http-nio-8080-exec-3] c.lin.blog.dao.BlogDao.getFirstPageBlog  : ==> Parameters: 6(Long)
2021-01-21 22:49:17.759 DEBUG 15096 --- [http-nio-8080-exec-3] c.lin.blog.dao.BlogDao.getFirstPageBlog  : <==      Total: 3
2021-01-21 22:49:17.759  INFO 15096 --- [http-nio-8080-exec-3] com.lin.blog.aspect.LogAspect            : result:index
2021-01-21 22:49:17.759  INFO 15096 --- [http-nio-8080-exec-3] com.lin.blog.aspect.LogAspect            : 
2021-01-21 22:49:21.211 DEBUG 15096 --- [http-nio-8080-exec-6] com.lin.blog.dao.UserDao.selectOne       : ==>  Preparing: SELECT id,avatar,email,nickname,password,type,username,create_time,update_time FROM t_user WHERE (username = ? AND password = ?)
2021-01-21 22:49:21.212 DEBUG 15096 --- [http-nio-8080-exec-6] com.lin.blog.dao.UserDao.selectOne       : ==> Parameters: root(String), 96e79218965eb72c92a549dd5a330112(String)
2021-01-21 22:49:21.235 DEBUG 15096 --- [http-nio-8080-exec-6] com.lin.blog.dao.UserDao.selectOne       : <==      Total: 1
2021-01-21 22:49:22.688 DEBUG 15096 --- [http-nio-8080-exec-3] c.l.blog.dao.BlogDao.getAdminQueryBlogs  : ==>  Preparing: SELECT COUNT(1) FROM t_blog b LEFT OUTER JOIN t_type t ON b.type_id = t.id
2021-01-21 22:49:22.688 DEBUG 15096 --- [http-nio-8080-exec-3] c.l.blog.dao.BlogDao.getAdminQueryBlogs  : ==> Parameters: 
2021-01-21 22:49:22.710 DEBUG 15096 --- [http-nio-8080-exec-3] c.l.blog.dao.BlogDao.getAdminQueryBlogs  : ==>  Preparing: select b.id,b.title,b.update_time,b.recommend,b.published,b.type_id,t.id,t.name from t_blog b left outer join t_type t on b.type_id = t.id order by b.update_time desc LIMIT ?
2021-01-21 22:49:22.711 DEBUG 15096 --- [http-nio-8080-exec-3] c.l.blog.dao.BlogDao.getAdminQueryBlogs  : ==> Parameters: 10(Long)
2021-01-21 22:49:22.733 DEBUG 15096 --- [http-nio-8080-exec-3] c.l.blog.dao.BlogDao.getAdminQueryBlogs  : <==      Total: 3
2021-01-21 22:49:29.104 DEBUG 15096 --- [http-nio-8080-exec-9] com.lin.blog.dao.BlogDao.deleteById      : ==>  Preparing: DELETE FROM t_blog WHERE id=?
2021-01-21 22:49:29.104 DEBUG 15096 --- [http-nio-8080-exec-9] com.lin.blog.dao.BlogDao.deleteById      : ==> Parameters: 67(Long)
2021-01-21 22:49:29.177 DEBUG 15096 --- [http-nio-8080-exec-9] com.lin.blog.dao.BlogDao.deleteById      : <==    Updates: 1
2021-01-21 22:49:29.195 DEBUG 15096 --- [http-nio-8080-exec-8] c.l.blog.dao.BlogDao.getAdminQueryBlogs  : ==>  Preparing: SELECT COUNT(1) FROM t_blog b LEFT OUTER JOIN t_type t ON b.type_id = t.id
2021-01-21 22:49:29.196 DEBUG 15096 --- [http-nio-8080-exec-8] c.l.blog.dao.BlogDao.getAdminQueryBlogs  : ==> Parameters: 
2021-01-21 22:49:29.224 DEBUG 15096 --- [http-nio-8080-exec-8] c.l.blog.dao.BlogDao.getAdminQueryBlogs  : ==>  Preparing: select b.id,b.title,b.update_time,b.recommend,b.published,b.type_id,t.id,t.name from t_blog b left outer join t_type t on b.type_id = t.id order by b.update_time desc LIMIT ?
2021-01-21 22:49:29.225 DEBUG 15096 --- [http-nio-8080-exec-8] c.l.blog.dao.BlogDao.getAdminQueryBlogs  : ==> Parameters: 10(Long)
2021-01-21 22:49:29.246 DEBUG 15096 --- [http-nio-8080-exec-8] c.l.blog.dao.BlogDao.getAdminQueryBlogs  : <==      Total: 2
2021-01-21 22:49:31.426 DEBUG 15096 --- [http-nio-8080-exec-5] com.lin.blog.dao.BlogDao.selectById      : ==>  Preparing: SELECT id,appreciation,commentabled,content,description,first_picture,flag,published,recommend,share_statement,title,views,type_id,user_id,comment_count,create_time,update_time FROM t_blog WHERE id=?
2021-01-21 22:49:31.426 DEBUG 15096 --- [http-nio-8080-exec-5] com.lin.blog.dao.BlogDao.selectById      : ==> Parameters: 68(Long)
2021-01-21 22:49:31.452 DEBUG 15096 --- [http-nio-8080-exec-5] com.lin.blog.dao.BlogDao.selectById      : <==      Total: 1
2021-01-21 22:49:31.458 DEBUG 15096 --- [http-nio-8080-exec-5] com.lin.blog.dao.TypeDao.selectList      : ==>  Preparing: SELECT id,name FROM t_type
2021-01-21 22:49:31.459 DEBUG 15096 --- [http-nio-8080-exec-5] com.lin.blog.dao.TypeDao.selectList      : ==> Parameters: 
2021-01-21 22:49:31.483 DEBUG 15096 --- [http-nio-8080-exec-5] com.lin.blog.dao.TypeDao.selectList      : <==      Total: 11
2021-01-21 22:49:50.960 DEBUG 15096 --- [http-nio-8080-exec-10] com.lin.blog.dao.BlogDao.selectById      : ==>  Preparing: SELECT id,appreciation,commentabled,content,description,first_picture,flag,published,recommend,share_statement,title,views,type_id,user_id,comment_count,create_time,update_time FROM t_blog WHERE id=?
2021-01-21 22:49:50.960 DEBUG 15096 --- [http-nio-8080-exec-10] com.lin.blog.dao.BlogDao.selectById      : ==> Parameters: 68(Long)
2021-01-21 22:49:50.983 DEBUG 15096 --- [http-nio-8080-exec-10] com.lin.blog.dao.BlogDao.selectById      : <==      Total: 1
2021-01-21 22:49:50.988 DEBUG 15096 --- [http-nio-8080-exec-10] com.lin.blog.dao.BlogDao.updateById      : ==>  Preparing: UPDATE t_blog SET appreciation=?, commentabled=?, content=?, description=?, first_picture=?, published=?, recommend=?, share_statement=?, title=?, views=?, type_id=?, user_id=?, comment_count=?, create_time=?, update_time=? WHERE id=?
2021-01-21 22:49:50.989 DEBUG 15096 --- [http-nio-8080-exec-10] com.lin.blog.dao.BlogDao.updateById      : ==> Parameters: true(Boolean), true(Boolean), ##  接口说明

> 公告共2个接口分别有一个路径参数代表小程序端和后台
>
> ##  

###  统一返回格式

| 返回参数名称 | 说明                 |      |
| :----------: | -------------------- | ---- |
|   success    | 返回布尔判断是否成功 |      |
|     code     | 状态码200正常        |      |
|   message    | 说明信息             |      |
|     data     | 数据                 |      |
|   expound    | 附带说明             |      |



# 1.获取公告



### 请求地址

| 地址               | 协议  | 方法     |
| ------------------ | ----- | -------- |
| /notice/get/{type} | HTTPS | post/get |

> 请注意：

### 请求参数(restful风格)

| 参数 | 值   | 可选 |         说明         |
| ---- | ---- | ---- | :------------------: |
| type | 0/1  | 必选 | 0代表小程序1代表后台 |

### 返回格式（data）

| 返回参数名称  | 描述               | 说明                 |      |
| ------------- | ------------------ | -------------------- | ---- |
| noticeContent | 公告正文           |                      |      |
| noticeState   | 公告状态           | 0代表隐藏1代表正常   |      |
| noticeWhere   | 公告显示位置       | 0代表小程序1代表后台 |      |
| noticeDate    | 公告修改或创建时间 |                      |      |

### 返回示例

```json
{"success":true,"code":200,"message":"成功","data":{"noticeContent":"我是公告","noticeState":1,"noticeWhere":0,"noticeDate":"2020-09-21T13:19:10.000+0000"},"expound":{}}
```

# 2.修改公告



### 请求地址

| 地址                  | 协议  | 方法     |
| --------------------- | ----- | -------- |
| /notice/update/{type} | HTTPS | post/get |

> 请注意：type为地址参数非json

### 请求参数（***json***）

| 参数          | 值       | 可选 |             说明              |
| ------------- | -------- | ---- | :---------------------------: |
| type          | 0/1      | 必选 | 地址参数 0代表小程序1代表后台 |
| noticeContent | 公告文本 | 必选 |          小于100字数          |
| noticeState   | 0/1      | 必选 |      0代表隐藏1代表正常       |

### 返回格式（data）

> ####  统一返回格式

### 返回示例

```json
{"success":true,"code":200,"message":"成功","data":{},"expound":{}}
```(String), 666a(String), http://localhost:8080/img/icon1.jpg(String), false(Boolean), true(Boolean), true(Boolean), 大家好啊a(String), 0(Long), 58(Long), 1(Long), 0(Long), 2021-01-20 18:40:48.0(Timestamp), 2021-01-21 22:49:50.987(Timestamp), 68(Long)
2021-01-21 22:49:51.049 DEBUG 15096 --- [http-nio-8080-exec-10] com.lin.blog.dao.BlogDao.updateById      : <==    Updates: 1
2021-01-21 22:49:51.055 DEBUG 15096 --- [http-nio-8080-exec-4] c.l.blog.dao.BlogDao.getAdminQueryBlogs  : ==>  Preparing: SELECT COUNT(1) FROM t_blog b LEFT OUTER JOIN t_type t ON b.type_id = t.id
2021-01-21 22:49:51.055 DEBUG 15096 --- [http-nio-8080-exec-4] c.l.blog.dao.BlogDao.getAdminQueryBlogs  : ==> Parameters: 
2021-01-21 22:49:51.078 DEBUG 15096 --- [http-nio-8080-exec-4] c.l.blog.dao.BlogDao.getAdminQueryBlogs  : ==>  Preparing: select b.id,b.title,b.update_time,b.recommend,b.published,b.type_id,t.id,t.name from t_blog b left outer join t_type t on b.type_id = t.id order by b.update_time desc LIMIT ?
2021-01-21 22:49:51.079 DEBUG 15096 --- [http-nio-8080-exec-4] c.l.blog.dao.BlogDao.getAdminQueryBlogs  : ==> Parameters: 10(Long)
2021-01-21 22:49:51.101 DEBUG 15096 --- [http-nio-8080-exec-4] c.l.blog.dao.BlogDao.getAdminQueryBlogs  : <==      Total: 2
